<?xml version="1.0" encoding="UTF-8"?>
<!-- Generated by org.testng.reporters.JUnitReportReporter -->
<testsuite hostname="LAPTOP-320VAM9K" failures="0" tests="2" name="testNGExecutionPackage.Test1" time="0.003" errors="0" timestamp="2023-11-30T14:18:24 IST" skipped="0">
  <testcase classname="testNGExecutionPackage.Test1" name="method1" time="0.002"/>
  <system-out>
    <![CDATA[method1()from Test1 class!! ]]>
  </system-out>
  <testcase classname="testNGExecutionPackage.Test1" name="method12" time="0.001"/>
  <system-out>
    <![CDATA[method2()from Test1 class!! ]]>
  </system-out>
</testsuite> <!-- testNGExecutionPackage.Test1 -->
