<?xml version="1.0" encoding="UTF-8"?>
<!-- Generated by org.testng.reporters.JUnitReportReporter -->
<testsuite hostname="LAPTOP-320VAM9K" failures="0" tests="2" name="testNGPackage.Demo" time="0.016" errors="0" timestamp="2023-11-30T11:39:47 IST" skipped="0">
  <testcase classname="testNGPackage.Demo" name="method2" time="0.002"/>
  <system-out>
    <![CDATA[method2 to from demo class]]>
  </system-out>
  <testcase classname="testNGPackage.Demo" name="method1" time="0.014"/>
  <system-out>
    <![CDATA[method1 to from demo class]]>
  </system-out>
</testsuite> <!-- testNGPackage.Demo -->
