<?xml version="1.0" encoding="UTF-8"?>
<!-- Generated by org.testng.reporters.JUnitReportReporter -->
<testsuite hostname="LAPTOP-320VAM9K" failures="0" tests="2" name="testNGExecutionPackage.Test3" time="0.016" errors="0" timestamp="2023-11-30T14:18:24 IST" skipped="0">
  <testcase classname="testNGExecutionPackage.Test3" name="method6" time="0.003"/>
  <system-out/>
  <testcase classname="testNGExecutionPackage.Test3" name="method5" time="0.013"/>
  <system-out>
    <![CDATA[method5() fron Test3 class!!]]>
  </system-out>
</testsuite> <!-- testNGExecutionPackage.Test3 -->
