<?xml version="1.0" encoding="UTF-8"?>
<!-- Generated by org.testng.reporters.JUnitReportReporter -->
<testsuite hostname="LAPTOP-320VAM9K" failures="0" tests="1" name="testNGAnnotations_Flags.Flag1" time="0.010" errors="0" timestamp="2023-12-02T12:19:05 IST" skipped="0">
  <testcase classname="testNGAnnotations_Flags.Flag1" name="Method1" time="0.010"/>
  <system-out>
    <![CDATA[method1 from Flag1]]>
  </system-out>
</testsuite> <!-- testNGAnnotations_Flags.Flag1 -->
