<?xml version="1.0" encoding="UTF-8"?>
<!-- Generated by org.testng.reporters.JUnitReportReporter -->
<testsuite hostname="LAPTOP-320VAM9K" failures="0" tests="1" name="testNGExecutionPackage.SqlTest" time="13.418" errors="0" timestamp="2023-11-30T12:07:26 IST" skipped="0">
  <testcase classname="testNGExecutionPackage.SqlTest" name="Sql_Test" time="13.418"/>
  <system-out/>
</testsuite> <!-- testNGExecutionPackage.SqlTest -->
