<?xml version="1.0" encoding="UTF-8"?>
<!-- Generated by org.testng.reporters.JUnitReportReporter -->
<testsuite hostname="LAPTOP-320VAM9K" failures="0" tests="2" name="testNGExecutionPackage.SelectTest" time="39.310" errors="0" timestamp="2023-11-30T14:12:06 IST" skipped="0">
  <testcase classname="testNGExecutionPackage.SelectTest" name="selectTestMethod" time="20.291"/>
  <system-out/>
  <testcase classname="testNGExecutionPackage.SelectTest" name="selectTestMethod" time="19.019"/>
  <system-out/>
</testsuite> <!-- testNGExecutionPackage.SelectTest -->
