<?xml version="1.0" encoding="UTF-8"?>
<!-- Generated by org.testng.reporters.JUnitReportReporter -->
<testsuite hostname="LAPTOP-320VAM9K" failures="0" tests="5" name="testNGAnnotations_Flags.Flag4" time="0.016" errors="0" timestamp="2023-12-02T12:48:19 IST" skipped="0">
  <testcase classname="testNGAnnotations_Flags.Flag4" name="method4" time="0.010"/>
  <system-out>
    <![CDATA[method4]]>
  </system-out>
  <testcase classname="testNGAnnotations_Flags.Flag4" name="method2" time="0.003"/>
  <system-out>
    <![CDATA[method2]]>
  </system-out>
  <testcase classname="testNGAnnotations_Flags.Flag4" name="method1" time="0.001"/>
  <system-out>
    <![CDATA[method1]]>
  </system-out>
  <testcase classname="testNGAnnotations_Flags.Flag4" name="method3" time="0.001"/>
  <system-out>
    <![CDATA[method3]]>
  </system-out>
  <testcase classname="testNGAnnotations_Flags.Flag4" name="method5" time="0.001"/>
  <system-out>
    <![CDATA[method5]]>
  </system-out>
</testsuite> <!-- testNGAnnotations_Flags.Flag4 -->
