<?xml version="1.0" encoding="UTF-8"?>
<!-- Generated by org.testng.reporters.JUnitReportReporter -->
<testsuite hostname="LAPTOP-320VAM9K" failures="0" tests="2" name="testNGAnnotations_Flags.GoogleSearchTest" time="14.653" errors="0" timestamp="2023-12-02T11:49:19 IST" skipped="0">
  <testcase classname="testNGAnnotations_Flags.GoogleSearchTest" name="search_selenium" time="8.368"/>
  <system-out/>
  <testcase classname="testNGAnnotations_Flags.GoogleSearchTest" name="search_java" time="6.285"/>
  <system-out/>
</testsuite> <!-- testNGAnnotations_Flags.GoogleSearchTest -->
