<?xml version="1.0" encoding="UTF-8"?>
<!-- Generated by org.testng.reporters.JUnitReportReporter -->
<testsuite hostname="LAPTOP-320VAM9K" failures="0" tests="3" name="testNGAnnotations_Flags.Flag5" time="0.012" errors="0" timestamp="2023-12-04T11:37:23 IST" skipped="0">
  <testcase classname="testNGAnnotations_Flags.Flag5" name="createUserMethod" time="0.001"/>
  <system-out>
    <![CDATA[method2 for user page]]>
  </system-out>
  <testcase classname="testNGAnnotations_Flags.Flag5" name="logoutmethod" time="0.001"/>
  <system-out>
    <![CDATA[method3 for Logout  page]]>
  </system-out>
  <testcase classname="testNGAnnotations_Flags.Flag5" name="loginMethod" time="0.010"/>
  <system-out>
    <![CDATA[method1 for Login page]]>
  </system-out>
</testsuite> <!-- testNGAnnotations_Flags.Flag5 -->
