<?xml version="1.0" encoding="UTF-8"?>
<!-- Generated by org.testng.reporters.JUnitReportReporter -->
<testsuite hostname="LAPTOP-320VAM9K" failures="0" tests="2" name="testNGPackage.Demo1" time="0.004" errors="0" timestamp="2023-11-30T11:39:47 IST" skipped="0">
  <testcase classname="testNGPackage.Demo1" name="method2" time="0.002"/>
  <system-out>
    <![CDATA[method2 from Demo1 class!]]>
  </system-out>
  <testcase classname="testNGPackage.Demo1" name="method3" time="0.002"/>
  <system-out>
    <![CDATA[method3 from Demo1 class!]]>
  </system-out>
</testsuite> <!-- testNGPackage.Demo1 -->
