<?xml version="1.0" encoding="UTF-8"?>
<!-- Generated by org.testng.reporters.JUnitReportReporter -->
<testsuite hostname="LAPTOP-320VAM9K" failures="0" tests="1" name="testNGAnnotations_Flags.AnnotationsClass" time="0.007" errors="0" timestamp="2023-12-01T11:40:31 IST" skipped="0">
  <testcase classname="testNGAnnotations_Flags.AnnotationsClass" name="annotations_Test_Method" time="0.007"/>
  <system-out>
    <![CDATA[Test Annotation]]>
  </system-out>
</testsuite> <!-- testNGAnnotations_Flags.AnnotationsClass -->
