<?xml version="1.0" encoding="UTF-8"?>
<!-- Generated by org.testng.reporters.JUnitReportReporter -->
<testsuite hostname="LAPTOP-320VAM9K" failures="0" tests="1" name="testNGExecutionPackage.SeleniumTest" time="15.956" errors="0" timestamp="2023-11-30T12:07:26 IST" skipped="0">
  <testcase classname="testNGExecutionPackage.SeleniumTest" name="selenium_Test" time="15.956"/>
  <system-out/>
</testsuite> <!-- testNGExecutionPackage.SeleniumTest -->
