<?xml version="1.0" encoding="UTF-8"?>
<!-- Generated by org.testng.reporters.JUnitReportReporter -->
<testsuite hostname="LAPTOP-320VAM9K" failures="0" tests="12" name="testNGAnnotations_Flags.Flag6" time="0.024" errors="0" timestamp="2023-12-04T12:35:34 IST" skipped="0">
  <testcase classname="testNGAnnotations_Flags.Flag6" name="it3" time="0.001"/>
  <system-out>
    <![CDATA[i32]]>
  </system-out>
  <testcase classname="testNGAnnotations_Flags.Flag6" name="st1" time="0.002"/>
  <system-out>
    <![CDATA[st1]]>
  </system-out>
  <testcase classname="testNGAnnotations_Flags.Flag6" name="ft4" time="0.000"/>
  <system-out>
    <![CDATA[ft4]]>
  </system-out>
  <testcase classname="testNGAnnotations_Flags.Flag6" name="ft1" time="0.010"/>
  <system-out>
    <![CDATA[ft1]]>
  </system-out>
  <testcase classname="testNGAnnotations_Flags.Flag6" name="st4" time="0.002"/>
  <system-out>
    <![CDATA[st4]]>
  </system-out>
  <testcase classname="testNGAnnotations_Flags.Flag6" name="ft2" time="0.003"/>
  <system-out>
    <![CDATA[ft2]]>
  </system-out>
  <testcase classname="testNGAnnotations_Flags.Flag6" name="ft3" time="0.001"/>
  <system-out>
    <![CDATA[ft3]]>
  </system-out>
  <testcase classname="testNGAnnotations_Flags.Flag6" name="st3" time="0.001"/>
  <system-out>
    <![CDATA[st3]]>
  </system-out>
  <testcase classname="testNGAnnotations_Flags.Flag6" name="it2" time="0.001"/>
  <system-out>
    <![CDATA[it2]]>
  </system-out>
  <testcase classname="testNGAnnotations_Flags.Flag6" name="it1" time="0.002"/>
  <system-out>
    <![CDATA[it1]]>
  </system-out>
  <testcase classname="testNGAnnotations_Flags.Flag6" name="it4" time="0.000"/>
  <system-out>
    <![CDATA[it4]]>
  </system-out>
  <testcase classname="testNGAnnotations_Flags.Flag6" name="st2" time="0.001"/>
  <system-out>
    <![CDATA[st2]]>
  </system-out>
</testsuite> <!-- testNGAnnotations_Flags.Flag6 -->
