<?xml version="1.0" encoding="UTF-8"?>
<!-- Generated by org.testng.reporters.JUnitReportReporter -->
<testsuite hostname="LAPTOP-320VAM9K" failures="0" tests="2" name="testNGExecutionPackage.Test2" time="0.002" errors="0" timestamp="2023-11-30T14:18:24 IST" skipped="0">
  <testcase classname="testNGExecutionPackage.Test2" name="method4" time="0.001"/>
  <system-out>
    <![CDATA[method4() from Test2 class!!]]>
  </system-out>
  <testcase classname="testNGExecutionPackage.Test2" name="method3" time="0.001"/>
  <system-out>
    <![CDATA[method3() from Test2 class!!]]>
  </system-out>
</testsuite> <!-- testNGExecutionPackage.Test2 -->
